<?xml version="1.0" encoding="UTF-8"?>
<!-- Generated by org.testng.reporters.JUnitReportReporter -->
<testsuite hostname="DESKTOP-468S6OP" failures="0" tests="3" name="com.kowsalya.project.TestNGG" time="0.020" errors="0" timestamp="2022-02-15T19:52:51 IST" skipped="0">
  <testcase classname="com.kowsalya.project.TestNGG" name="redmi" time="0.000"/>
  <system-out/>
  <testcase classname="com.kowsalya.project.TestNGG" name="samsung" time="0.005"/>
  <system-out/>
  <testcase classname="com.kowsalya.project.TestNGG" name="appleIphone" time="0.015"/>
  <system-out/>
</testsuite> <!-- com.kowsalya.project.TestNGG -->
